This file contains any messages produced by compilers while
running configure, to aid debugging if configure makes a mistake.

It was created by FreeType configure 2.12, which was
generated by GNU Autoconf 2.71.  Invocation command line was

  $ ./configure

## --------- ##
## Platform. ##
## --------- ##

hostname = zed-Aspire-A715-74G
uname -m = x86_64
uname -r = 5.4.0-107-generic
uname -s = Linux
uname -v = #121-Ubuntu SMP Thu Mar 24 16:04:27 UTC 2022

/usr/bin/uname -p = unknown
/bin/uname -X     = unknown

/bin/arch              = unknown
/usr/bin/arch -k       = unknown
/usr/convex/getsysinfo = unknown
/usr/bin/hostinfo      = unknown
/bin/machine           = unknown
/usr/bin/oslevel       = unknown
/bin/universe          = unknown

PATH: /home/zed/anaconda3/bin/
PATH: /opt/ros/foxy/bin/
PATH: /Users/bingjiang/Library/Python/3.8/bin/
PATH: /home/zed/.local/bin/
PATH: /usr/local/cuda/bin/
PATH: /usr/local/sbin/
PATH: /usr/local/bin/
PATH: /usr/sbin/
PATH: /usr/bin/
PATH: /sbin/
PATH: /bin/
PATH: /usr/games/
PATH: /usr/local/games/
PATH: /snap/bin/


## ----------- ##
## Core tests. ##
## ----------- ##

configure:2571: looking for aux files: install-sh ltmain.sh config.guess config.sub
configure:2584:  trying ./
configure:2595:   ./install-sh found
configure:2613:   ./ltmain.sh found
configure:2613:   ./config.guess found
configure:2613:   ./config.sub found
configure:2744: checking build system type
configure:2759: result: x86_64-pc-linux-gnu
configure:2779: checking host system type
configure:2793: result: x86_64-pc-linux-gnu
configure:2879: checking for gcc
configure:2900: found /usr/bin/gcc
configure:2911: result: gcc
configure:3264: checking for C compiler version
configure:3273: gcc --version >&5
gcc (Ubuntu 9.4.0-1ubuntu1~20.04.1) 9.4.0
Copyright (C) 2019 Free Software Foundation, Inc.
This is free software; see the source for copying conditions.  There is NO
warranty; not even for MERCHANTABILITY or FITNESS FOR A PARTICULAR PURPOSE.

configure:3284: $? = 0
configure:3273: gcc -v >&5
Using built-in specs.
COLLECT_GCC=gcc
COLLECT_LTO_WRAPPER=/usr/lib/gcc/x86_64-linux-gnu/9/lto-wrapper
OFFLOAD_TARGET_NAMES=nvptx-none:hsa
OFFLOAD_TARGET_DEFAULT=1
Target: x86_64-linux-gnu
Configured with: ../src/configure -v --with-pkgversion='Ubuntu 9.4.0-1ubuntu1~20.04.1' --with-bugurl=file:///usr/share/doc/gcc-9/README.Bugs --enable-languages=c,ada,c++,go,brig,d,fortran,objc,obj-c++,gm2 --prefix=/usr --with-gcc-major-version-only --program-suffix=-9 --program-prefix=x86_64-linux-gnu- --enable-shared --enable-linker-build-id --libexecdir=/usr/lib --without-included-gettext --enable-threads=posix --libdir=/usr/lib --enable-nls --enable-clocale=gnu --enable-libstdcxx-debug --enable-libstdcxx-time=yes --with-default-libstdcxx-abi=new --enable-gnu-unique-object --disable-vtable-verify --enable-plugin --enable-default-pie --with-system-zlib --with-target-system-zlib=auto --enable-objc-gc=auto --enable-multiarch --disable-werror --with-arch-32=i686 --with-abi=m64 --with-multilib-list=m32,m64,mx32 --enable-multilib --with-tune=generic --enable-offload-targets=nvptx-none=/build/gcc-9-Av3uEd/gcc-9-9.4.0/debian/tmp-nvptx/usr,hsa --without-cuda-driver --enable-checking=release --build=x86_64-linux-gnu --host=x86_64-linux-gnu --target=x86_64-linux-gnu
Thread model: posix
gcc version 9.4.0 (Ubuntu 9.4.0-1ubuntu1~20.04.1) 
configure:3284: $? = 0
configure:3273: gcc -V >&5
gcc: error: unrecognized command line option '-V'
gcc: fatal error: no input files
compilation terminated.
configure:3284: $? = 1
configure:3273: gcc -qversion >&5
gcc: error: unrecognized command line option '-qversion'; did you mean '--version'?
gcc: fatal error: no input files
compilation terminated.
configure:3284: $? = 1
configure:3273: gcc -version >&5
gcc: error: unrecognized command line option '-version'
gcc: fatal error: no input files
compilation terminated.
configure:3284: $? = 1
configure:3304: checking whether the C compiler works
configure:3326: gcc    conftest.c  >&5
configure:3330: $? = 0
configure:3380: result: yes
configure:3383: checking for C compiler default output file name
configure:3385: result: a.out
configure:3391: checking for suffix of executables
configure:3398: gcc -o conftest    conftest.c  >&5
configure:3402: $? = 0
configure:3425: result: 
configure:3447: checking whether we are cross compiling
configure:3455: gcc -o conftest    conftest.c  >&5
configure:3459: $? = 0
configure:3466: ./conftest
configure:3470: $? = 0
configure:3458: result: no
configure:3463: checking for suffix of object files
configure:3486: gcc -c   conftest.c >&5
configure:3490: $? = 0
configure:3512: result: o
configure:3516: checking whether the compiler supports GNU C
configure:3536: gcc -c   conftest.c >&5
configure:3536: $? = 0
configure:3546: result: yes
configure:3557: checking whether gcc accepts -g
configure:3578: gcc -c -g  conftest.c >&5
configure:3578: $? = 0
configure:3622: result: yes
configure:3642: checking for gcc option to enable C11 features
configure:3657: gcc  -c -g -O2  conftest.c >&5
configure:3657: $? = 0
configure:3675: result: none needed
configure:3790: checking how to run the C preprocessor
configure:3816: gcc -E  conftest.c
configure:3816: $? = 0
configure:3831: gcc -E  conftest.c
conftest.c:9:10: fatal error: ac_nonexistent.h: No such file or directory
    9 | #include <ac_nonexistent.h>
      |          ^~~~~~~~~~~~~~~~~~
compilation terminated.
configure:3831: $? = 1
configure: failed program was:
| /* confdefs.h */
| #define PACKAGE_NAME "FreeType"
| #define PACKAGE_TARNAME "freetype"
| #define PACKAGE_VERSION "2.12"
| #define PACKAGE_STRING "FreeType 2.12"
| #define PACKAGE_BUGREPORT "freetype@nongnu.org"
| #define PACKAGE_URL ""
| /* end confdefs.h.  */
| #include <ac_nonexistent.h>
configure:3858: result: gcc -E
configure:3872: gcc -E  conftest.c
configure:3872: $? = 0
configure:3887: gcc -E  conftest.c
conftest.c:9:10: fatal error: ac_nonexistent.h: No such file or directory
    9 | #include <ac_nonexistent.h>
      |          ^~~~~~~~~~~~~~~~~~
compilation terminated.
configure:3887: $? = 1
configure: failed program was:
| /* confdefs.h */
| #define PACKAGE_NAME "FreeType"
| #define PACKAGE_TARNAME "freetype"
| #define PACKAGE_VERSION "2.12"
| #define PACKAGE_STRING "FreeType 2.12"
| #define PACKAGE_BUGREPORT "freetype@nongnu.org"
| #define PACKAGE_URL ""
| /* end confdefs.h.  */
| #include <ac_nonexistent.h>
configure:3978: checking for pkg-config
configure:4001: found /usr/bin/pkg-config
configure:4013: result: /usr/bin/pkg-config
configure:4038: checking pkg-config is at least version 0.24
configure:4041: result: yes
configure:4098: checking how to print strings
configure:4125: result: printf
configure:4146: checking for a sed that does not truncate output
configure:4216: result: /bin/sed
configure:4234: checking for grep that handles long lines and -e
configure:4298: result: /bin/grep
configure:4303: checking for egrep
configure:4371: result: /bin/grep -E
configure:4376: checking for fgrep
configure:4444: result: /bin/grep -F
configure:4480: checking for ld used by gcc
configure:4548: result: /usr/bin/ld
configure:4555: checking if the linker (/usr/bin/ld) is GNU ld
configure:4571: result: yes
configure:4583: checking for BSD- or MS-compatible name lister (nm)
configure:4638: result: /usr/bin/nm -B
configure:4778: checking the name lister (/usr/bin/nm -B) interface
configure:4786: gcc -c -g -O2  conftest.c >&5
configure:4789: /usr/bin/nm -B "conftest.o"
configure:4792: output
0000000000000000 B some_variable
configure:4793: result: BSD nm
configure:4796: checking whether ln -s works
configure:4800: result: yes
configure:4808: checking the maximum length of command line arguments
configure:4940: result: 1572864
configure:4988: checking how to convert x86_64-pc-linux-gnu file names to x86_64-pc-linux-gnu format
configure:5029: result: func_convert_file_noop
configure:5036: checking how to convert x86_64-pc-linux-gnu file names to toolchain format
configure:5057: result: func_convert_file_noop
configure:5064: checking for /usr/bin/ld option to reload object files
configure:5072: result: -r
configure:5151: checking for objdump
configure:5172: found /usr/bin/objdump
configure:5183: result: objdump
configure:5212: checking how to recognize dependent libraries
configure:5413: result: pass_all
configure:5503: checking for dlltool
configure:5538: result: no
configure:5565: checking how to associate runtime and link libraries
configure:5593: result: printf %s\n
configure:5659: checking for ar
configure:5680: found /usr/bin/ar
configure:5691: result: ar
configure:5728: checking for archiver @FILE support
configure:5746: gcc -c -g -O2  conftest.c >&5
configure:5746: $? = 0
configure:5750: ar cru libconftest.a @conftest.lst >&5
ar: `u' modifier ignored since `D' is the default (see `U')
configure:5753: $? = 0
configure:5758: ar cru libconftest.a @conftest.lst >&5
ar: `u' modifier ignored since `D' is the default (see `U')
ar: conftest.o: No such file or directory
configure:5761: $? = 1
configure:5760: result: @
configure:5823: checking for strip
configure:5844: found /usr/bin/strip
configure:5855: result: strip
configure:5932: checking for ranlib
configure:5953: found /usr/bin/ranlib
configure:5964: result: ranlib
configure:6041: checking for gawk
configure:6076: result: no
configure:6041: checking for mawk
configure:6062: found /usr/bin/mawk
configure:6073: result: mawk
configure:6113: checking command to parse /usr/bin/nm -B output from gcc object
configure:6267: gcc -c -g -O2  conftest.c >&5
configure:6270: $? = 0
configure:6274: /usr/bin/nm -B conftest.o \| sed -n -e 's/^.*[ ]\([ABCDGIRSTW][ABCDGIRSTW]*\)[ ][ ]*\([_A-Za-z][_A-Za-z0-9]*\)$/\1 \2 \2/p' | sed '/ __gnu_lto/d' \> conftest.nm
configure:6277: $? = 0
configure:6343: gcc -o conftest -g -O2   conftest.c conftstm.o >&5
configure:6346: $? = 0
configure:6384: result: ok
configure:6431: checking for sysroot
configure:6462: result: no
configure:6469: checking for a working dd
configure:6513: result: /bin/dd
configure:6517: checking how to truncate binary pipes
configure:6533: result: /bin/dd bs=4096 count=1
configure:6670: gcc -c -g -O2  conftest.c >&5
configure:6673: $? = 0
configure:6870: checking for mt
configure:6891: found /bin/mt
configure:6902: result: mt
configure:6925: checking if mt is a manifest tool
configure:6932: mt '-?'
configure:6940: result: no
configure:7670: checking for stdio.h
configure:7670: gcc -c -g -O2  conftest.c >&5
configure:7670: $? = 0
configure:7670: result: yes
configure:7670: checking for stdlib.h
configure:7670: gcc -c -g -O2  conftest.c >&5
configure:7670: $? = 0
configure:7670: result: yes
configure:7670: checking for string.h
configure:7670: gcc -c -g -O2  conftest.c >&5
configure:7670: $? = 0
configure:7670: result: yes
configure:7670: checking for inttypes.h
configure:7670: gcc -c -g -O2  conftest.c >&5
configure:7670: $? = 0
configure:7670: result: yes
configure:7670: checking for stdint.h
configure:7670: gcc -c -g -O2  conftest.c >&5
configure:7670: $? = 0
configure:7670: result: yes
configure:7670: checking for strings.h
configure:7670: gcc -c -g -O2  conftest.c >&5
configure:7670: $? = 0
configure:7670: result: yes
configure:7670: checking for sys/stat.h
configure:7670: gcc -c -g -O2  conftest.c >&5
configure:7670: $? = 0
configure:7670: result: yes
configure:7670: checking for sys/types.h
configure:7670: gcc -c -g -O2  conftest.c >&5
configure:7670: $? = 0
configure:7670: result: yes
configure:7670: checking for unistd.h
configure:7670: gcc -c -g -O2  conftest.c >&5
configure:7670: $? = 0
configure:7670: result: yes
configure:7670: checking for sys/param.h
configure:7670: gcc -c -g -O2  conftest.c >&5
configure:7670: $? = 0
configure:7670: result: yes
configure:7695: checking for dlfcn.h
configure:7695: gcc -c -g -O2  conftest.c >&5
configure:7695: $? = 0
configure:7695: result: yes
configure:8282: checking for objdir
configure:8298: result: .libs
configure:8558: checking if gcc supports -fno-rtti -fno-exceptions
configure:8577: gcc -c -g -O2  -fno-rtti -fno-exceptions conftest.c >&5
cc1: warning: command line option '-fno-rtti' is valid for C++/D/ObjC++ but not for C
configure:8581: $? = 0
configure:8594: result: no
configure:8952: checking for gcc option to produce PIC
configure:8960: result: -fPIC -DPIC
configure:8968: checking if gcc PIC flag -fPIC -DPIC works
configure:8987: gcc -c -g -O2  -fPIC -DPIC -DPIC conftest.c >&5
configure:8991: $? = 0
configure:9004: result: yes
configure:9033: checking if gcc static flag -static works
configure:9062: result: yes
configure:9077: checking if gcc supports -c -o file.o
configure:9099: gcc -c -g -O2  -o out/conftest2.o conftest.c >&5
configure:9103: $? = 0
configure:9125: result: yes
configure:9133: checking if gcc supports -c -o file.o
configure:9181: result: yes
configure:9214: checking whether the gcc linker (/usr/bin/ld -m elf_x86_64) supports shared libraries
configure:10480: result: yes
configure:10517: checking whether -lc should be explicitly linked in
configure:10526: gcc -c -g -O2  conftest.c >&5
configure:10529: $? = 0
configure:10544: gcc -shared  -fPIC -DPIC conftest.o  -v -Wl,-soname -Wl,conftest -o conftest 2\>\&1 \| /bin/grep  -lc  \>/dev/null 2\>\&1
configure:10547: $? = 0
configure:10561: result: no
configure:10721: checking dynamic linker characteristics
configure:11303: gcc -o conftest -g -O2   -Wl,-rpath -Wl,/foo conftest.c  >&5
configure:11303: $? = 0
configure:11542: result: GNU/Linux ld.so
configure:11664: checking how to hardcode library paths into programs
configure:11689: result: immediate
configure:12241: checking whether stripping libraries is possible
configure:12246: result: yes
configure:12281: checking if libtool supports shared libraries
configure:12283: result: yes
configure:12286: checking whether to build shared libraries
configure:12311: result: yes
configure:12314: checking whether to build static libraries
configure:12318: result: yes
configure:9131: checking for windows.h
configure:9131: gcc -c -g -O2  conftest.c >&5
conftest.c:50:10: fatal error: windows.h: No such file or directory
   50 | #include <windows.h>
      |          ^~~~~~~~~~~
compilation terminated.
configure:9131: $? = 1
configure: failed program was:
| /* confdefs.h */
| #define PACKAGE_NAME "FreeType"
| #define PACKAGE_TARNAME "freetype"
| #define PACKAGE_VERSION "2.12"
| #define PACKAGE_STRING "FreeType 2.12"
| #define PACKAGE_BUGREPORT "freetype@nongnu.org"
| #define PACKAGE_URL ""
| #define HAVE_STDIO_H 1
| #define HAVE_STDLIB_H 1
| #define HAVE_STRING_H 1
| #define HAVE_INTTYPES_H 1
| #define HAVE_STDINT_H 1
| #define HAVE_STRINGS_H 1
| #define HAVE_SYS_STAT_H 1
| #define HAVE_SYS_TYPES_H 1
| #define HAVE_UNISTD_H 1
| #define HAVE_SYS_PARAM_H 1
| #define STDC_HEADERS 1
| #define HAVE_DLFCN_H 1
| #define LT_OBJDIR ".libs/"
| /* end confdefs.h.  */
| #include <stddef.h>
| #ifdef HAVE_STDIO_H
| # include <stdio.h>
| #endif
| #ifdef HAVE_STDLIB_H
| # include <stdlib.h>
| #endif
| #ifdef HAVE_STRING_H
| # include <string.h>
| #endif
| #ifdef HAVE_INTTYPES_H
| # include <inttypes.h>
| #endif
| #ifdef HAVE_STDINT_H
| # include <stdint.h>
| #endif
| #ifdef HAVE_STRINGS_H
| # include <strings.h>
| #endif
| #ifdef HAVE_SYS_TYPES_H
| # include <sys/types.h>
| #endif
| #ifdef HAVE_SYS_STAT_H
| # include <sys/stat.h>
| #endif
| #ifdef HAVE_UNISTD_H
| # include <unistd.h>
| #endif
| #include <windows.h>
configure:9131: result: no
configure:9510: checking for a BSD-compatible install
configure:9583: result: /usr/bin/install -c
configure:9603: checking for a race-free mkdir -p
configure:9647: result: /bin/mkdir -p
configure:9661: checking for fcntl.h
configure:9661: gcc -c -g -O2  conftest.c >&5
configure:9661: $? = 0
configure:9661: result: yes
configure:9667: checking for unistd.h
configure:9667: result: yes
configure:9678: checking for an ANSI C-conforming const
configure:9745: gcc -c -g -O2  conftest.c >&5
configure:9745: $? = 0
configure:9753: result: yes
configure:9788: checking for special C compiler options needed for large files
configure:9836: result: no
configure:9842: checking for _FILE_OFFSET_BITS value needed for large files
configure:9868: gcc -c -g -O2  conftest.c >&5
configure:9868: $? = 0
configure:9902: result: no
configure:10013: checking for getpagesize
configure:10013: gcc -o conftest -g -O2   conftest.c  >&5
configure:10013: $? = 0
configure:10013: result: yes
configure:10024: checking for working mmap
configure:10176: gcc -o conftest -g -O2   conftest.c  >&5
configure:10176: $? = 0
configure:10176: ./conftest
configure:10176: $? = 0
configure:10187: result: yes
configure:10199: checking for gcc options needed to detect all undeclared functions
configure:10221: gcc -c -g -O2   conftest.c >&5
conftest.c: In function 'main':
conftest.c:30:8: error: 'strchr' undeclared (first use in this function)
   30 | (void) strchr;
      |        ^~~~~~
conftest.c:1:1: note: 'strchr' is defined in header '<string.h>'; did you forget to '#include <string.h>'?
    1 | /* confdefs.h */
conftest.c:30:8: note: each undeclared identifier is reported only once for each function it appears in
   30 | (void) strchr;
      |        ^~~~~~
configure:10221: $? = 1
configure: failed program was:
| /* confdefs.h */
| #define PACKAGE_NAME "FreeType"
| #define PACKAGE_TARNAME "freetype"
| #define PACKAGE_VERSION "2.12"
| #define PACKAGE_STRING "FreeType 2.12"
| #define PACKAGE_BUGREPORT "freetype@nongnu.org"
| #define PACKAGE_URL ""
| #define HAVE_STDIO_H 1
| #define HAVE_STDLIB_H 1
| #define HAVE_STRING_H 1
| #define HAVE_INTTYPES_H 1
| #define HAVE_STDINT_H 1
| #define HAVE_STRINGS_H 1
| #define HAVE_SYS_STAT_H 1
| #define HAVE_SYS_TYPES_H 1
| #define HAVE_UNISTD_H 1
| #define HAVE_SYS_PARAM_H 1
| #define STDC_HEADERS 1
| #define HAVE_DLFCN_H 1
| #define LT_OBJDIR ".libs/"
| #define HAVE_FCNTL_H 1
| #define HAVE_UNISTD_H 1
| #define HAVE_GETPAGESIZE 1
| #define HAVE_MMAP 1
| /* end confdefs.h.  */
| 
| int
| main (void)
| {
| (void) strchr;
|   ;
|   return 0;
| }
configure:10248: gcc -c -g -O2   conftest.c >&5
configure:10248: $? = 0
configure:10265: result: none needed
configure:10279: checking whether munmap is declared
configure:10279: gcc -c -g -O2   conftest.c >&5
configure:10279: $? = 0
configure:10279: result: yes
configure:10297: checking for munmap's first parameter type
configure:10311: gcc -c -g -O2  conftest.c >&5
configure:10311: $? = 0
configure:10313: result: void *
configure:10335: checking for memcpy
configure:10335: gcc -o conftest -g -O2   conftest.c  >&5
conftest.c:44:6: warning: conflicting types for built-in function 'memcpy'; expected 'void *(void *, const void *, long unsigned int)' [-Wbuiltin-declaration-mismatch]
   44 | char memcpy ();
      |      ^~~~~~
conftest.c:36:1: note: 'memcpy' is declared in header '<string.h>'
   35 | #include <limits.h>
   36 | #undef memcpy
configure:10335: $? = 0
configure:10335: result: yes
configure:10341: checking for memmove
configure:10341: gcc -o conftest -g -O2   conftest.c  >&5
conftest.c:45:6: warning: conflicting types for built-in function 'memmove'; expected 'void *(void *, const void *, long unsigned int)' [-Wbuiltin-declaration-mismatch]
   45 | char memmove ();
      |      ^~~~~~~
conftest.c:37:1: note: 'memmove' is declared in header '<string.h>'
   36 | #include <limits.h>
   37 | #undef memmove
configure:10341: $? = 0
configure:10341: result: yes
configure:10371: checking gcc compiler flag -pedantic to assure ANSI C99 works correctly
configure:10398: gcc -c -g -O2  -pedantic  conftest.c >&5
configure:10398: $? = 0
configure:10400: result: ok, adding to XX_ANSIFLAGS
configure:10371: checking gcc compiler flag -std=c99 to assure ANSI C99 works correctly
configure:10398: gcc -c -g -O2  -pedantic -std=c99  conftest.c >&5
configure:10398: $? = 0
configure:10400: result: ok, adding to XX_ANSIFLAGS
configure:10434: checking for -fvisibility=hidden compiler flag
configure:10449: gcc -o conftest -g -O2 -fvisibility=hidden   conftest.c  >&5
configure:10449: $? = 0
configure:10452: result: yes
configure:10527: $PKG_CONFIG --exists --print-errors "$zlib_pkg"
configure:10530: $? = 0
configure:10537: checking for ZLIB
configure:10544: $PKG_CONFIG --exists --print-errors "$zlib_pkg"
configure:10547: $? = 0
configure:10561: $PKG_CONFIG --exists --print-errors "$zlib_pkg"
configure:10564: $? = 0
configure:10602: result: yes
configure:10704: $PKG_CONFIG --exists --print-errors "$bzip2_pkg"
Package bzip2 was not found in the pkg-config search path.
Perhaps you should add the directory containing `bzip2.pc'
to the PKG_CONFIG_PATH environment variable
No package 'bzip2' found
configure:10707: $? = 1
configure:10714: checking for BZIP2
configure:10721: $PKG_CONFIG --exists --print-errors "$bzip2_pkg"
Package bzip2 was not found in the pkg-config search path.
Perhaps you should add the directory containing `bzip2.pc'
to the PKG_CONFIG_PATH environment variable
No package 'bzip2' found
configure:10724: $? = 1
configure:10738: $PKG_CONFIG --exists --print-errors "$bzip2_pkg"
Package bzip2 was not found in the pkg-config search path.
Perhaps you should add the directory containing `bzip2.pc'
to the PKG_CONFIG_PATH environment variable
No package 'bzip2' found
configure:10741: $? = 1
configure:10755: result: no
No package 'bzip2' found
configure:10799: checking for BZ2_bzDecompress in -lbz2
configure:10822: gcc -o conftest -g -O2 -fvisibility=hidden   conftest.c -lbz2   >&5
/usr/bin/ld: cannot find -lbz2
collect2: error: ld returned 1 exit status
configure:10822: $? = 1
configure: failed program was:
| /* confdefs.h */
| #define PACKAGE_NAME "FreeType"
| #define PACKAGE_TARNAME "freetype"
| #define PACKAGE_VERSION "2.12"
| #define PACKAGE_STRING "FreeType 2.12"
| #define PACKAGE_BUGREPORT "freetype@nongnu.org"
| #define PACKAGE_URL ""
| #define HAVE_STDIO_H 1
| #define HAVE_STDLIB_H 1
| #define HAVE_STRING_H 1
| #define HAVE_INTTYPES_H 1
| #define HAVE_STDINT_H 1
| #define HAVE_STRINGS_H 1
| #define HAVE_SYS_STAT_H 1
| #define HAVE_SYS_TYPES_H 1
| #define HAVE_UNISTD_H 1
| #define HAVE_SYS_PARAM_H 1
| #define STDC_HEADERS 1
| #define HAVE_DLFCN_H 1
| #define LT_OBJDIR ".libs/"
| #define HAVE_FCNTL_H 1
| #define HAVE_UNISTD_H 1
| #define HAVE_GETPAGESIZE 1
| #define HAVE_MMAP 1
| #define HAVE_DECL_MUNMAP 1
| #define MUNMAP_USES_VOIDP /**/
| #define HAVE_MEMCPY 1
| #define HAVE_MEMMOVE 1
| /* end confdefs.h.  */
| 
| /* Override any GCC internal prototype to avoid an error.
|    Use char because int might match the return type of a GCC
|    builtin and then its argument prototype would still apply.  */
| char BZ2_bzDecompress ();
| int
| main (void)
| {
| return BZ2_bzDecompress ();
|   ;
|   return 0;
| }
configure:10832: result: no
configure:10875: $PKG_CONFIG --exists --print-errors "$libpng_pkg"
configure:10878: $? = 0
configure:10885: checking for LIBPNG
configure:10892: $PKG_CONFIG --exists --print-errors "$libpng_pkg"
configure:10895: $? = 0
configure:10909: $PKG_CONFIG --exists --print-errors "$libpng_pkg"
configure:10912: $? = 0
configure:10950: result: yes
configure:11012: $PKG_CONFIG --exists --print-errors "$harfbuzz_pkg"
configure:11015: $? = 0
configure:11022: checking for HARFBUZZ
configure:11029: $PKG_CONFIG --exists --print-errors "$harfbuzz_pkg"
configure:11032: $? = 0
configure:11046: $PKG_CONFIG --exists --print-errors "$harfbuzz_pkg"
configure:11049: $? = 0
configure:11087: result: yes
configure:11137: $PKG_CONFIG --exists --print-errors "$brotli_pkg"
Package libbrotlidec was not found in the pkg-config search path.
Perhaps you should add the directory containing `libbrotlidec.pc'
to the PKG_CONFIG_PATH environment variable
No package 'libbrotlidec' found
configure:11140: $? = 1
configure:11147: checking for BROTLI
configure:11154: $PKG_CONFIG --exists --print-errors "$brotli_pkg"
Package libbrotlidec was not found in the pkg-config search path.
Perhaps you should add the directory containing `libbrotlidec.pc'
to the PKG_CONFIG_PATH environment variable
No package 'libbrotlidec' found
configure:11157: $? = 1
configure:11171: $PKG_CONFIG --exists --print-errors "$brotli_pkg"
Package libbrotlidec was not found in the pkg-config search path.
Perhaps you should add the directory containing `libbrotlidec.pc'
to the PKG_CONFIG_PATH environment variable
No package 'libbrotlidec' found
configure:11174: $? = 1
configure:11188: result: no
No package 'libbrotlidec' found
configure:11254: checking for library containing clock_gettime
configure:11284: gcc -o conftest -g -O2 -fvisibility=hidden   conftest.c  >&5
configure:11284: $? = 0
configure:11304: result: none required
configure:11318: checking for LIBRSVG
configure:11325: $PKG_CONFIG --exists --print-errors "librsvg-2.0 >= 2.46.0"
Package librsvg-2.0 was not found in the pkg-config search path.
Perhaps you should add the directory containing `librsvg-2.0.pc'
to the PKG_CONFIG_PATH environment variable
No package 'librsvg-2.0' found
configure:11328: $? = 1
configure:11342: $PKG_CONFIG --exists --print-errors "librsvg-2.0 >= 2.46.0"
Package librsvg-2.0 was not found in the pkg-config search path.
Perhaps you should add the directory containing `librsvg-2.0.pc'
to the PKG_CONFIG_PATH environment variable
No package 'librsvg-2.0' found
configure:11345: $? = 1
configure:11359: result: no
No package 'librsvg-2.0' found
configure:11993: checking target system type
configure:12007: result: x86_64-pc-linux-gnu
configure:12194: checking whether gcc is Clang
configure:12221: result: no
configure:12286: checking whether pthreads work with "-pthread" and "-lpthread"
configure:12397: gcc -o conftest -g -O2 -fvisibility=hidden -pthread   conftest.c -lpthread  >&5
configure:12397: $? = 0
configure:12407: result: yes
configure:12530: checking for joinable pthread attribute
configure:12549: gcc -o conftest -g -O2 -fvisibility=hidden -pthread   conftest.c -lpthread  >&5
configure:12549: $? = 0
configure:12558: result: PTHREAD_CREATE_JOINABLE
configure:12571: checking whether more special flags are required for pthreads
configure:12585: result: no
configure:12594: checking for PTHREAD_PRIO_INHERIT
configure:12612: gcc -o conftest -g -O2 -fvisibility=hidden -pthread   conftest.c -lpthread  >&5
configure:12612: $? = 0
configure:12622: result: yes
configure:12806: checking for python3
configure:12827: found /usr/bin/python3
configure:12838: result: python3
configure:12860: checking for python version
configure:12865: result: 3.8.10
configure:12925: checking for `docwriter' Python module
configure:12933: result: no
configure:13197: creating ./config.status

## ---------------------- ##
## Running config.status. ##
## ---------------------- ##

This file was extended by FreeType config.status 2.12, which was
generated by GNU Autoconf 2.71.  Invocation command line was

  CONFIG_FILES    = 
  CONFIG_HEADERS  = 
  CONFIG_LINKS    = 
  CONFIG_COMMANDS = 
  $ ./config.status 

on zed-Aspire-A715-74G

config.status:1143: creating ftoption.h
config.status:1143: creating unix-cc.mk
config.status:1143: creating unix-def.mk
config.status:1143: creating ftconfig.h
config.status:1338: executing libtool commands
configure:15431:

Library configuration:
  external zlib: yes (pkg-config)
  bzip2:         no
  libpng:        yes (pkg-config)
  harfbuzz:      yes (pkg-config)
  brotli:        no
  pthread:       yes

configure:15455: WARNING:
  `make refdoc' will fail since pip package `docwriter' is not installed.
  To install, run `python3 -m pip install docwriter', or to use a Python
  virtual environment, run `make refdoc-venv' (requires pip package
  `virtualenv').  These operations require Python >= 3.5.
  

## ---------------- ##
## Cache variables. ##
## ---------------- ##

ac_cv_build=x86_64-pc-linux-gnu
ac_cv_c_compiler_gnu=yes
ac_cv_c_const=yes
ac_cv_c_undeclared_builtin_options='none needed'
ac_cv_env_BROTLI_CFLAGS_set=
ac_cv_env_BROTLI_CFLAGS_value=
ac_cv_env_BROTLI_LIBS_set=
ac_cv_env_BROTLI_LIBS_value=
ac_cv_env_BZIP2_CFLAGS_set=
ac_cv_env_BZIP2_CFLAGS_value=
ac_cv_env_BZIP2_LIBS_set=
ac_cv_env_BZIP2_LIBS_value=
ac_cv_env_CC_set=
ac_cv_env_CC_value=
ac_cv_env_CFLAGS_set=
ac_cv_env_CFLAGS_value=
ac_cv_env_CPPFLAGS_set=
ac_cv_env_CPPFLAGS_value=
ac_cv_env_CPP_set=
ac_cv_env_CPP_value=
ac_cv_env_HARFBUZZ_CFLAGS_set=
ac_cv_env_HARFBUZZ_CFLAGS_value=
ac_cv_env_HARFBUZZ_LIBS_set=
ac_cv_env_HARFBUZZ_LIBS_value=
ac_cv_env_LDFLAGS_set=
ac_cv_env_LDFLAGS_value=
ac_cv_env_LIBPNG_CFLAGS_set=
ac_cv_env_LIBPNG_CFLAGS_value=
ac_cv_env_LIBPNG_LIBS_set=
ac_cv_env_LIBPNG_LIBS_value=
ac_cv_env_LIBRSVG_CFLAGS_set=
ac_cv_env_LIBRSVG_CFLAGS_value=
ac_cv_env_LIBRSVG_LIBS_set=
ac_cv_env_LIBRSVG_LIBS_value=
ac_cv_env_LIBS_set=
ac_cv_env_LIBS_value=
ac_cv_env_LT_SYS_LIBRARY_PATH_set=
ac_cv_env_LT_SYS_LIBRARY_PATH_value=
ac_cv_env_PKG_CONFIG_LIBDIR_set=
ac_cv_env_PKG_CONFIG_LIBDIR_value=
ac_cv_env_PKG_CONFIG_PATH_set=
ac_cv_env_PKG_CONFIG_PATH_value=
ac_cv_env_PKG_CONFIG_set=
ac_cv_env_PKG_CONFIG_value=
ac_cv_env_ZLIB_CFLAGS_set=
ac_cv_env_ZLIB_CFLAGS_value=
ac_cv_env_ZLIB_LIBS_set=
ac_cv_env_ZLIB_LIBS_value=
ac_cv_env_build_alias_set=
ac_cv_env_build_alias_value=
ac_cv_env_host_alias_set=
ac_cv_env_host_alias_value=
ac_cv_env_target_alias_set=
ac_cv_env_target_alias_value=
ac_cv_func_getpagesize=yes
ac_cv_func_memcpy=yes
ac_cv_func_memmove=yes
ac_cv_func_mmap_fixed_mapped=yes
ac_cv_have_decl_munmap=yes
ac_cv_header_dlfcn_h=yes
ac_cv_header_fcntl_h=yes
ac_cv_header_inttypes_h=yes
ac_cv_header_stdint_h=yes
ac_cv_header_stdio_h=yes
ac_cv_header_stdlib_h=yes
ac_cv_header_string_h=yes
ac_cv_header_strings_h=yes
ac_cv_header_sys_param_h=yes
ac_cv_header_sys_stat_h=yes
ac_cv_header_sys_types_h=yes
ac_cv_header_unistd_h=yes
ac_cv_header_windows_h=no
ac_cv_host=x86_64-pc-linux-gnu
ac_cv_lib_bz2_BZ2_bzDecompress=no
ac_cv_objext=o
ac_cv_path_EGREP='/bin/grep -E'
ac_cv_path_FGREP='/bin/grep -F'
ac_cv_path_GREP=/bin/grep
ac_cv_path_SED=/bin/sed
ac_cv_path_ac_pt_PKG_CONFIG=/usr/bin/pkg-config
ac_cv_path_install='/usr/bin/install -c'
ac_cv_path_lt_DD=/bin/dd
ac_cv_path_mkdir=/bin/mkdir
ac_cv_prog_AWK=mawk
ac_cv_prog_CPP='gcc -E'
ac_cv_prog_PYTHON=python3
ac_cv_prog_ac_ct_AR=ar
ac_cv_prog_ac_ct_CC=gcc
ac_cv_prog_ac_ct_MANIFEST_TOOL=mt
ac_cv_prog_ac_ct_OBJDUMP=objdump
ac_cv_prog_ac_ct_RANLIB=ranlib
ac_cv_prog_ac_ct_STRIP=strip
ac_cv_prog_cc_c11=
ac_cv_prog_cc_g=yes
ac_cv_prog_cc_stdc=
ac_cv_search_clock_gettime='none required'
ac_cv_sys_file_offset_bits=no
ac_cv_sys_largefile_CC=no
ac_cv_target=x86_64-pc-linux-gnu
ax_cv_PTHREAD_CLANG=no
ax_cv_PTHREAD_JOINABLE_ATTR=PTHREAD_CREATE_JOINABLE
ax_cv_PTHREAD_PRIO_INHERIT=yes
ax_cv_PTHREAD_SPECIAL_FLAGS=no
lt_cv_ar_at_file=@
lt_cv_archive_cmds_need_lc=no
lt_cv_deplibs_check_method=pass_all
lt_cv_file_magic_cmd='$MAGIC_CMD'
lt_cv_file_magic_test_file=
lt_cv_ld_reload_flag=-r
lt_cv_nm_interface='BSD nm'
lt_cv_objdir=.libs
lt_cv_path_LD=/usr/bin/ld
lt_cv_path_NM='/usr/bin/nm -B'
lt_cv_path_mainfest_tool=no
lt_cv_prog_compiler_c_o=yes
lt_cv_prog_compiler_pic='-fPIC -DPIC'
lt_cv_prog_compiler_pic_works=yes
lt_cv_prog_compiler_rtti_exceptions=no
lt_cv_prog_compiler_static_works=yes
lt_cv_prog_gnu_ld=yes
lt_cv_sharedlib_from_linklib_cmd='printf %s\n'
lt_cv_shlibpath_overrides_runpath=yes
lt_cv_sys_global_symbol_pipe='sed -n -e '\''s/^.*[	 ]\([ABCDGIRSTW][ABCDGIRSTW]*\)[	 ][	 ]*\([_A-Za-z][_A-Za-z0-9]*\)$/\1 \2 \2/p'\'' | sed '\''/ __gnu_lto/d'\'''
lt_cv_sys_global_symbol_to_c_name_address='sed -n -e '\''s/^: \(.*\) .*$/  {"\1", (void *) 0},/p'\'' -e '\''s/^[ABCDGIRSTW][ABCDGIRSTW]* .* \(.*\)$/  {"\1", (void *) \&\1},/p'\'''
lt_cv_sys_global_symbol_to_c_name_address_lib_prefix='sed -n -e '\''s/^: \(.*\) .*$/  {"\1", (void *) 0},/p'\'' -e '\''s/^[ABCDGIRSTW][ABCDGIRSTW]* .* \(lib.*\)$/  {"\1", (void *) \&\1},/p'\'' -e '\''s/^[ABCDGIRSTW][ABCDGIRSTW]* .* \(.*\)$/  {"lib\1", (void *) \&\1},/p'\'''
lt_cv_sys_global_symbol_to_cdecl='sed -n -e '\''s/^T .* \(.*\)$/extern int \1();/p'\'' -e '\''s/^[ABCDGIRSTW][ABCDGIRSTW]* .* \(.*\)$/extern char \1;/p'\'''
lt_cv_sys_global_symbol_to_import=
lt_cv_sys_max_cmd_len=1572864
lt_cv_to_host_file_cmd=func_convert_file_noop
lt_cv_to_tool_file_cmd=func_convert_file_noop
lt_cv_truncate_bin='/bin/dd bs=4096 count=1'
pkg_cv_HARFBUZZ_CFLAGS='-I/usr/include/harfbuzz -I/usr/include/glib-2.0 -I/usr/lib/x86_64-linux-gnu/glib-2.0/include'
pkg_cv_HARFBUZZ_LIBS=-lharfbuzz
pkg_cv_LIBPNG_CFLAGS=-I/usr/include/libpng16
pkg_cv_LIBPNG_LIBS='-lpng16 -lz'
pkg_cv_ZLIB_CFLAGS=
pkg_cv_ZLIB_LIBS=-lz

## ----------------- ##
## Output variables. ##
## ----------------- ##

AR='ar'
AS='as'
AWK='mawk'
BROTLI_CFLAGS=''
BROTLI_LIBS=''
BZIP2_CFLAGS=''
BZIP2_LIBS=''
CC='gcc'
CC_BUILD='gcc'
CFLAGS='-g -O2 -fvisibility=hidden  -I/usr/include/libpng16 -I/usr/include/harfbuzz -I/usr/include/glib-2.0 -I/usr/lib/x86_64-linux-gnu/glib-2.0/include -pthread'
CPP='gcc -E'
CPPFLAGS=''
DEFS='-DHAVE_CONFIG_H'
DLLTOOL='false'
DSYMUTIL=''
DUMPBIN=''
ECHO_C=''
ECHO_N='-n'
ECHO_T=''
EGREP='/bin/grep -E'
EXEEXT=''
EXEEXT_BUILD=''
FGREP='/bin/grep -F'
FTSYS_SRC='$(PLATFORM_DIR)/ftsystem.c'
FT_DEMO_CFLAGS=''
FT_DEMO_LDFLAGS=''
GREP='/bin/grep'
HARFBUZZ_CFLAGS='-I/usr/include/harfbuzz -I/usr/include/glib-2.0 -I/usr/lib/x86_64-linux-gnu/glib-2.0/include'
HARFBUZZ_LIBS='-lharfbuzz'
INSTALL_DATA='${INSTALL} -m 644'
INSTALL_FT2_CONFIG='FALSE'
INSTALL_PROGRAM='${INSTALL}'
INSTALL_SCRIPT='${INSTALL}'
LD='/usr/bin/ld -m elf_x86_64'
LDFLAGS=' -lz -lpng16 -lz -lharfbuzz -pthread -lpthread'
LIBOBJS=''
LIBPNG_CFLAGS='-I/usr/include/libpng16'
LIBPNG_LIBS='-lpng16 -lz'
LIBRSVG_CFLAGS=''
LIBRSVG_LIBS=''
LIBS=''
LIBSSTATIC_CONFIG='-lfreetype -lz -lpng16 -lm -lz -lm -lz -lharfbuzz -lm -lglib-2.0 -pthread -lpcre -pthread -lgraphite2'
LIBTOOL='$(SHELL) $(top_builddir)/libtool'
LIPO=''
LN_S='ln -s'
LTLIBOBJS=''
LT_SYS_LIBRARY_PATH=''
MANIFEST_TOOL=':'
MKDIR_P='/bin/mkdir -p'
NM='/usr/bin/nm -B'
NMEDIT=''
OBJDUMP='objdump'
OBJEXT='o'
OTOOL64=''
OTOOL=''
PACKAGE_BUGREPORT='freetype@nongnu.org'
PACKAGE_NAME='FreeType'
PACKAGE_STRING='FreeType 2.12'
PACKAGE_TARNAME='freetype'
PACKAGE_URL=''
PACKAGE_VERSION='2.12'
PATH_SEPARATOR=':'
PKGCONFIG_LIBS='-L${libdir} -lfreetype'
PKGCONFIG_LIBS_PRIVATE=''
PKGCONFIG_REQUIRES=''
PKGCONFIG_REQUIRES_PRIVATE='zlib, libpng, harfbuzz >= 2.0.0'
PKG_CONFIG='/usr/bin/pkg-config'
PKG_CONFIG_LIBDIR=''
PKG_CONFIG_PATH=''
PTHREAD_CC='gcc'
PTHREAD_CFLAGS='-pthread'
PTHREAD_CXX=''
PTHREAD_LIBS='-lpthread'
PYTHON='python3'
PYTHON_VERSION='3.8.10'
RANLIB='ranlib'
RC=''
SED='/bin/sed'
SHELL='/bin/bash'
STRIP='strip'
SYSTEM_ZLIB='yes'
XX_ANSIFLAGS=' -pedantic -std=c99'
XX_CFLAGS='-Wall'
ZLIB_CFLAGS=''
ZLIB_LIBS='-lz'
ac_ct_AR='ar'
ac_ct_CC='gcc'
ac_ct_DUMPBIN=''
ax_pthread_config=''
bindir='${exec_prefix}/bin'
build='x86_64-pc-linux-gnu'
build_alias=''
build_cpu='x86_64'
build_libtool_libs=''
build_os='linux-gnu'
build_vendor='pc'
datadir='${datarootdir}'
datarootdir='${prefix}/share'
docdir='${datarootdir}/doc/${PACKAGE_TARNAME}'
dvidir='${docdir}'
exec_prefix='${prefix}'
ft_version='24.2.18'
ftmac_c=''
hardcode_libdir_flag_spec='$wl-rpath $wl$libdir'
host='x86_64-pc-linux-gnu'
host_alias=''
host_cpu='x86_64'
host_os='linux-gnu'
host_vendor='pc'
htmldir='${docdir}'
includedir='${prefix}/include'
infodir='${datarootdir}/info'
libdir='${exec_prefix}/lib'
libexecdir='${exec_prefix}/libexec'
localedir='${datarootdir}/locale'
localstatedir='${prefix}/var'
mandir='${datarootdir}/man'
oldincludedir='/usr/include'
pdfdir='${docdir}'
prefix='/usr/local'
program_transform_name='s,x,x,'
psdir='${docdir}'
runstatedir='${localstatedir}/run'
sbindir='${exec_prefix}/sbin'
sharedstatedir='${prefix}/com'
sysconfdir='${prefix}/etc'
target='x86_64-pc-linux-gnu'
target_alias=''
target_cpu='x86_64'
target_os='linux-gnu'
target_vendor='pc'
version_info='24:2:18'
wl='-Wl,'

## ----------- ##
## confdefs.h. ##
## ----------- ##

/* confdefs.h */
#define PACKAGE_NAME "FreeType"
#define PACKAGE_TARNAME "freetype"
#define PACKAGE_VERSION "2.12"
#define PACKAGE_STRING "FreeType 2.12"
#define PACKAGE_BUGREPORT "freetype@nongnu.org"
#define PACKAGE_URL ""
#define HAVE_STDIO_H 1
#define HAVE_STDLIB_H 1
#define HAVE_STRING_H 1
#define HAVE_INTTYPES_H 1
#define HAVE_STDINT_H 1
#define HAVE_STRINGS_H 1
#define HAVE_SYS_STAT_H 1
#define HAVE_SYS_TYPES_H 1
#define HAVE_UNISTD_H 1
#define HAVE_SYS_PARAM_H 1
#define STDC_HEADERS 1
#define HAVE_DLFCN_H 1
#define LT_OBJDIR ".libs/"
#define HAVE_FCNTL_H 1
#define HAVE_UNISTD_H 1
#define HAVE_GETPAGESIZE 1
#define HAVE_MMAP 1
#define HAVE_DECL_MUNMAP 1
#define MUNMAP_USES_VOIDP /**/
#define HAVE_MEMCPY 1
#define HAVE_MEMMOVE 1
#define HAVE_PTHREAD_PRIO_INHERIT 1

configure: exit 0
